[0.007s] Invoking command in '/home/pushpanjali/ros2/build/my_cpp_pkg': CMAKE_PREFIX_PATH=${CMAKE_PREFIX_PATH}:/opt/ros/humble /usr/bin/cmake --build /home/pushpanjali/ros2/build/my_cpp_pkg -- -j8 -l8
[0.022s] -- Found ament_cmake: 1.3.10 (/opt/ros/humble/share/ament_cmake/cmake)
[0.098s] -- Found rclcpp: 16.0.10 (/opt/ros/humble/share/rclcpp/cmake)
[0.115s] -- Found rosidl_generator_c: 3.1.5 (/opt/ros/humble/share/rosidl_generator_c/cmake)
[0.116s] -- Found rosidl_adapter: 3.1.5 (/opt/ros/humble/share/rosidl_adapter/cmake)
[0.120s] -- Found rosidl_generator_cpp: 3.1.5 (/opt/ros/humble/share/rosidl_generator_cpp/cmake)
[0.125s] -- Using all available rosidl_typesupport_c: rosidl_typesupport_fastrtps_c;rosidl_typesupport_introspection_c
[0.133s] -- Using all available rosidl_typesupport_cpp: rosidl_typesupport_fastrtps_cpp;rosidl_typesupport_introspection_cpp
[0.152s] -- Found rmw_implementation_cmake: 6.1.2 (/opt/ros/humble/share/rmw_implementation_cmake/cmake)
[0.152s] -- Found rmw_fastrtps_cpp: 6.2.7 (/opt/ros/humble/share/rmw_fastrtps_cpp/cmake)
[0.210s] -- Using RMW implementation 'rmw_fastrtps_cpp' as default
[0.239s] -- Found ament_lint_auto: 0.12.11 (/opt/ros/humble/share/ament_lint_auto/cmake)
[0.280s] -- Added test 'cppcheck' to perform static code analysis on C / C++ code
[0.280s] -- Configured cppcheck include dirs: 
[0.280s] -- Configured cppcheck exclude dirs and/or files: 
[0.280s] -- Added test 'lint_cmake' to check CMake code style
[0.281s] -- Added test 'uncrustify' to check C / C++ code style
[0.281s] -- Configured uncrustify additional arguments: 
[0.281s] -- Added test 'xmllint' to check XML markup files
[0.281s] -- Configuring done
[0.289s] -- Generating done
[0.289s] -- Build files have been written to: /home/pushpanjali/ros2/build/my_cpp_pkg
[0.313s] [ 50%] [32mBuilding CXX object CMakeFiles/my_first_node.dir/src/my_first_node.cpp.o[0m
[2.312s] [100%] [32m[1mLinking CXX executable my_first_node[0m
[2.410s] [100%] Built target my_first_node
[2.417s] Invoked command in '/home/pushpanjali/ros2/build/my_cpp_pkg' returned '0': CMAKE_PREFIX_PATH=${CMAKE_PREFIX_PATH}:/opt/ros/humble /usr/bin/cmake --build /home/pushpanjali/ros2/build/my_cpp_pkg -- -j8 -l8
[2.438s] Invoking command in '/home/pushpanjali/ros2/build/my_cpp_pkg': CMAKE_PREFIX_PATH=${CMAKE_PREFIX_PATH}:/opt/ros/humble /usr/bin/cmake --install /home/pushpanjali/ros2/build/my_cpp_pkg
[2.443s] -- Install configuration: ""
[2.443s] -- Installing: /home/pushpanjali/ros2/install/my_cpp_pkg/lib/my_cpp_pkg/my_first_node
[2.443s] -- Set runtime path of "/home/pushpanjali/ros2/install/my_cpp_pkg/lib/my_cpp_pkg/my_first_node" to ""
[2.443s] -- Up-to-date: /home/pushpanjali/ros2/install/my_cpp_pkg/share/ament_index/resource_index/package_run_dependencies/my_cpp_pkg
[2.443s] -- Up-to-date: /home/pushpanjali/ros2/install/my_cpp_pkg/share/ament_index/resource_index/parent_prefix_path/my_cpp_pkg
[2.443s] -- Up-to-date: /home/pushpanjali/ros2/install/my_cpp_pkg/share/my_cpp_pkg/environment/ament_prefix_path.sh
[2.443s] -- Installing: /home/pushpanjali/ros2/install/my_cpp_pkg/share/my_cpp_pkg/environment/ament_prefix_path.dsv
[2.443s] -- Up-to-date: /home/pushpanjali/ros2/install/my_cpp_pkg/share/my_cpp_pkg/environment/path.sh
[2.443s] -- Installing: /home/pushpanjali/ros2/install/my_cpp_pkg/share/my_cpp_pkg/environment/path.dsv
[2.443s] -- Up-to-date: /home/pushpanjali/ros2/install/my_cpp_pkg/share/my_cpp_pkg/local_setup.bash
[2.443s] -- Up-to-date: /home/pushpanjali/ros2/install/my_cpp_pkg/share/my_cpp_pkg/local_setup.sh
[2.443s] -- Up-to-date: /home/pushpanjali/ros2/install/my_cpp_pkg/share/my_cpp_pkg/local_setup.zsh
[2.443s] -- Installing: /home/pushpanjali/ros2/install/my_cpp_pkg/share/my_cpp_pkg/local_setup.dsv
[2.443s] -- Installing: /home/pushpanjali/ros2/install/my_cpp_pkg/share/my_cpp_pkg/package.dsv
[2.443s] -- Up-to-date: /home/pushpanjali/ros2/install/my_cpp_pkg/share/ament_index/resource_index/packages/my_cpp_pkg
[2.444s] -- Up-to-date: /home/pushpanjali/ros2/install/my_cpp_pkg/share/my_cpp_pkg/cmake/my_cpp_pkgConfig.cmake
[2.444s] -- Up-to-date: /home/pushpanjali/ros2/install/my_cpp_pkg/share/my_cpp_pkg/cmake/my_cpp_pkgConfig-version.cmake
[2.444s] -- Up-to-date: /home/pushpanjali/ros2/install/my_cpp_pkg/share/my_cpp_pkg/package.xml
[2.445s] Invoked command in '/home/pushpanjali/ros2/build/my_cpp_pkg' returned '0': CMAKE_PREFIX_PATH=${CMAKE_PREFIX_PATH}:/opt/ros/humble /usr/bin/cmake --install /home/pushpanjali/ros2/build/my_cpp_pkg
