[0.009s] Invoking command in '/home/pushpanjali/ros2/build/my_cpp_pkg': CMAKE_PREFIX_PATH=${CMAKE_PREFIX_PATH}:/opt/ros/humble /usr/bin/cmake --build /home/pushpanjali/ros2/build/my_cpp_pkg -- -j8 -l8
[0.029s] -- Found ament_cmake: 1.3.10 (/opt/ros/humble/share/ament_cmake/cmake)
[0.126s] -- Found rclcpp: 16.0.10 (/opt/ros/humble/share/rclcpp/cmake)
[0.154s] -- Found rosidl_generator_c: 3.1.5 (/opt/ros/humble/share/rosidl_generator_c/cmake)
[0.157s] -- Found rosidl_adapter: 3.1.5 (/opt/ros/humble/share/rosidl_adapter/cmake)
[0.164s] -- Found rosidl_generator_cpp: 3.1.5 (/opt/ros/humble/share/rosidl_generator_cpp/cmake)
[0.173s] -- Using all available rosidl_typesupport_c: rosidl_typesupport_fastrtps_c;rosidl_typesupport_introspection_c
[0.186s] -- Using all available rosidl_typesupport_cpp: rosidl_typesupport_fastrtps_cpp;rosidl_typesupport_introspection_cpp
[0.217s] -- Found rmw_implementation_cmake: 6.1.2 (/opt/ros/humble/share/rmw_implementation_cmake/cmake)
[0.220s] -- Found rmw_fastrtps_cpp: 6.2.7 (/opt/ros/humble/share/rmw_fastrtps_cpp/cmake)
[0.289s] -- Using RMW implementation 'rmw_fastrtps_cpp' as default
[0.333s] -- Found ament_lint_auto: 0.12.11 (/opt/ros/humble/share/ament_lint_auto/cmake)
[0.390s] -- Added test 'cppcheck' to perform static code analysis on C / C++ code
[0.390s] -- Configured cppcheck include dirs: 
[0.390s] -- Configured cppcheck exclude dirs and/or files: 
[0.392s] -- Added test 'lint_cmake' to check CMake code style
[0.395s] -- Added test 'uncrustify' to check C / C++ code style
[0.395s] -- Configured uncrustify additional arguments: 
[0.396s] -- Added test 'xmllint' to check XML markup files
[0.397s] -- Configuring done
[0.408s] -- Generating done
[0.409s] -- Build files have been written to: /home/pushpanjali/ros2/build/my_cpp_pkg
[0.428s] [35m[1mConsolidate compiler generated dependencies of target my_oops_node[0m
[0.430s] [35m[1mConsolidate compiler generated dependencies of target my_first_node[0m
[0.438s] [ 16%] [32mBuilding CXX object CMakeFiles/subscriber_node.dir/src/subscriber_node.cpp.o[0m
[0.440s] [ 50%] Built target my_first_node
[0.441s] [ 83%] Built target my_oops_node
[0.720s] [01m[K/home/pushpanjali/ros2/src/my_cpp_pkg/src/subscriber_node.cpp:2:10:[m[K [01;31m[Kfatal error: [m[Kstd_msgs/msg/string.hpp: No such file or directory
[0.720s]     2 | #include [01;31m[K"std_msgs/msg/string.hpp"[m[K  // Include the message type
[0.720s]       |          [01;31m[K^~~~~~~~~~~~~~~~~~~~~~~~~[m[K
[0.720s] compilation terminated.
[0.722s] gmake[2]: *** [CMakeFiles/subscriber_node.dir/build.make:76: CMakeFiles/subscriber_node.dir/src/subscriber_node.cpp.o] Error 1
[0.723s] gmake[1]: *** [CMakeFiles/Makefile2:193: CMakeFiles/subscriber_node.dir/all] Error 2
[0.723s] gmake: *** [Makefile:146: all] Error 2
[0.724s] Invoked command in '/home/pushpanjali/ros2/build/my_cpp_pkg' returned '2': CMAKE_PREFIX_PATH=${CMAKE_PREFIX_PATH}:/opt/ros/humble /usr/bin/cmake --build /home/pushpanjali/ros2/build/my_cpp_pkg -- -j8 -l8
