[0.206s] DEBUG:colcon:Command line arguments: ['/usr/bin/colcon', 'build']
[0.206s] DEBUG:colcon:Parsed command line arguments: Namespace(log_base=None, log_level=None, verb_name='build', build_base='build', install_base='install', merge_install=False, symlink_install=False, test_result_base=None, continue_on_error=False, executor='parallel', parallel_workers=8, event_handlers=None, ignore_user_meta=False, metas=['./colcon.meta'], base_paths=['.'], packages_ignore=None, packages_ignore_regex=None, paths=None, packages_up_to=None, packages_up_to_regex=None, packages_above=None, packages_above_and_dependencies=None, packages_above_depth=None, packages_select_by_dep=None, packages_skip_by_dep=None, packages_skip_up_to=None, packages_select_build_failed=False, packages_skip_build_finished=False, packages_select_test_failures=False, packages_skip_test_passed=False, packages_select=None, packages_skip=None, packages_select_regex=None, packages_skip_regex=None, packages_start=None, packages_end=None, allow_overriding=[], cmake_args=None, cmake_target=None, cmake_target_skip_unavailable=False, cmake_clean_cache=False, cmake_clean_first=False, cmake_force_configure=False, ament_cmake_args=None, catkin_cmake_args=None, catkin_skip_building_tests=False, mixin_files=None, mixin=None, verb_parser=<colcon_mixin.mixin.mixin_argument.MixinArgumentDecorator object at 0x76ca29b3eaa0>, verb_extension=<colcon_core.verb.build.BuildVerb object at 0x76ca29b3e3e0>, main=<bound method BuildVerb.main of <colcon_core.verb.build.BuildVerb object at 0x76ca29b3e3e0>>, mixin_verb=('build',))
[0.520s] Level 1:colcon.colcon_core.package_discovery:discover_packages(colcon_meta) check parameters
[0.520s] Level 1:colcon.colcon_core.package_discovery:discover_packages(recursive) check parameters
[0.521s] Level 1:colcon.colcon_core.package_discovery:discover_packages(ignore) check parameters
[0.521s] Level 1:colcon.colcon_core.package_discovery:discover_packages(path) check parameters
[0.521s] Level 1:colcon.colcon_core.package_discovery:discover_packages(colcon_meta) discover
[0.521s] Level 1:colcon.colcon_core.package_discovery:discover_packages(recursive) discover
[0.521s] INFO:colcon.colcon_core.package_discovery:Crawling recursively for packages in '/home/pushpanjali/ros2'
[0.521s] Level 1:colcon.colcon_core.package_identification:_identify(.) by extensions ['ignore', 'ignore_ament_install']
[0.522s] Level 1:colcon.colcon_core.package_identification:_identify(.) by extension 'ignore'
[0.522s] Level 1:colcon.colcon_core.package_identification:_identify(.) by extension 'ignore_ament_install'
[0.522s] Level 1:colcon.colcon_core.package_identification:_identify(.) by extensions ['colcon_pkg']
[0.522s] Level 1:colcon.colcon_core.package_identification:_identify(.) by extension 'colcon_pkg'
[0.522s] Level 1:colcon.colcon_core.package_identification:_identify(.) by extensions ['colcon_meta']
[0.522s] Level 1:colcon.colcon_core.package_identification:_identify(.) by extension 'colcon_meta'
[0.522s] Level 1:colcon.colcon_core.package_identification:_identify(.) by extensions ['ros']
[0.522s] Level 1:colcon.colcon_core.package_identification:_identify(.) by extension 'ros'
[0.545s] Level 1:colcon.colcon_core.package_identification:_identify(.) by extensions ['cmake', 'python']
[0.545s] Level 1:colcon.colcon_core.package_identification:_identify(.) by extension 'cmake'
[0.545s] Level 1:colcon.colcon_core.package_identification:_identify(.) by extension 'python'
[0.545s] Level 1:colcon.colcon_core.package_identification:_identify(.) by extensions ['python_setup_py']
[0.546s] Level 1:colcon.colcon_core.package_identification:_identify(.) by extension 'python_setup_py'
[0.546s] Level 1:colcon.colcon_core.package_identification:_identify(build) by extensions ['ignore', 'ignore_ament_install']
[0.546s] Level 1:colcon.colcon_core.package_identification:_identify(build) by extension 'ignore'
[0.546s] Level 1:colcon.colcon_core.package_identification:_identify(build) ignored
[0.547s] Level 1:colcon.colcon_core.package_identification:_identify(install) by extensions ['ignore', 'ignore_ament_install']
[0.547s] Level 1:colcon.colcon_core.package_identification:_identify(install) by extension 'ignore'
[0.547s] Level 1:colcon.colcon_core.package_identification:_identify(install) ignored
[0.547s] Level 1:colcon.colcon_core.package_identification:_identify(log) by extensions ['ignore', 'ignore_ament_install']
[0.547s] Level 1:colcon.colcon_core.package_identification:_identify(log) by extension 'ignore'
[0.548s] Level 1:colcon.colcon_core.package_identification:_identify(log) ignored
[0.548s] Level 1:colcon.colcon_core.package_identification:_identify(src) by extensions ['ignore', 'ignore_ament_install']
[0.548s] Level 1:colcon.colcon_core.package_identification:_identify(src) by extension 'ignore'
[0.548s] Level 1:colcon.colcon_core.package_identification:_identify(src) by extension 'ignore_ament_install'
[0.548s] Level 1:colcon.colcon_core.package_identification:_identify(src) by extensions ['colcon_pkg']
[0.548s] Level 1:colcon.colcon_core.package_identification:_identify(src) by extension 'colcon_pkg'
[0.549s] Level 1:colcon.colcon_core.package_identification:_identify(src) by extensions ['colcon_meta']
[0.549s] Level 1:colcon.colcon_core.package_identification:_identify(src) by extension 'colcon_meta'
[0.549s] Level 1:colcon.colcon_core.package_identification:_identify(src) by extensions ['ros']
[0.549s] Level 1:colcon.colcon_core.package_identification:_identify(src) by extension 'ros'
[0.549s] Level 1:colcon.colcon_core.package_identification:_identify(src) by extensions ['cmake', 'python']
[0.549s] Level 1:colcon.colcon_core.package_identification:_identify(src) by extension 'cmake'
[0.549s] Level 1:colcon.colcon_core.package_identification:_identify(src) by extension 'python'
[0.549s] Level 1:colcon.colcon_core.package_identification:_identify(src) by extensions ['python_setup_py']
[0.550s] Level 1:colcon.colcon_core.package_identification:_identify(src) by extension 'python_setup_py'
[0.550s] Level 1:colcon.colcon_core.package_identification:_identify(src/my_cpp_pkg) by extensions ['ignore', 'ignore_ament_install']
[0.550s] Level 1:colcon.colcon_core.package_identification:_identify(src/my_cpp_pkg) by extension 'ignore'
[0.550s] Level 1:colcon.colcon_core.package_identification:_identify(src/my_cpp_pkg) by extension 'ignore_ament_install'
[0.550s] Level 1:colcon.colcon_core.package_identification:_identify(src/my_cpp_pkg) by extensions ['colcon_pkg']
[0.550s] Level 1:colcon.colcon_core.package_identification:_identify(src/my_cpp_pkg) by extension 'colcon_pkg'
[0.551s] Level 1:colcon.colcon_core.package_identification:_identify(src/my_cpp_pkg) by extensions ['colcon_meta']
[0.551s] Level 1:colcon.colcon_core.package_identification:_identify(src/my_cpp_pkg) by extension 'colcon_meta'
[0.551s] Level 1:colcon.colcon_core.package_identification:_identify(src/my_cpp_pkg) by extensions ['ros']
[0.551s] Level 1:colcon.colcon_core.package_identification:_identify(src/my_cpp_pkg) by extension 'ros'
[0.564s] DEBUG:colcon.colcon_core.package_identification:Package 'src/my_cpp_pkg' with type 'ros.ament_cmake' and name 'my_cpp_pkg'
[0.565s] Level 1:colcon.colcon_core.package_identification:_identify(src/my_py_pkg) by extensions ['ignore', 'ignore_ament_install']
[0.565s] Level 1:colcon.colcon_core.package_identification:_identify(src/my_py_pkg) by extension 'ignore'
[0.565s] Level 1:colcon.colcon_core.package_identification:_identify(src/my_py_pkg) by extension 'ignore_ament_install'
[0.565s] Level 1:colcon.colcon_core.package_identification:_identify(src/my_py_pkg) by extensions ['colcon_pkg']
[0.565s] Level 1:colcon.colcon_core.package_identification:_identify(src/my_py_pkg) by extension 'colcon_pkg'
[0.565s] Level 1:colcon.colcon_core.package_identification:_identify(src/my_py_pkg) by extensions ['colcon_meta']
[0.566s] Level 1:colcon.colcon_core.package_identification:_identify(src/my_py_pkg) by extension 'colcon_meta'
[0.566s] Level 1:colcon.colcon_core.package_identification:_identify(src/my_py_pkg) by extensions ['ros']
[0.566s] Level 1:colcon.colcon_core.package_identification:_identify(src/my_py_pkg) by extension 'ros'
[0.567s] DEBUG:colcon.colcon_core.package_identification:Package 'src/my_py_pkg' with type 'ros.ament_python' and name 'my_py_pkg'
[0.567s] Level 1:colcon.colcon_core.package_identification:_identify(src/my_robot_interface_joy) by extensions ['ignore', 'ignore_ament_install']
[0.568s] Level 1:colcon.colcon_core.package_identification:_identify(src/my_robot_interface_joy) by extension 'ignore'
[0.568s] Level 1:colcon.colcon_core.package_identification:_identify(src/my_robot_interface_joy) by extension 'ignore_ament_install'
[0.568s] Level 1:colcon.colcon_core.package_identification:_identify(src/my_robot_interface_joy) by extensions ['colcon_pkg']
[0.568s] Level 1:colcon.colcon_core.package_identification:_identify(src/my_robot_interface_joy) by extension 'colcon_pkg'
[0.568s] Level 1:colcon.colcon_core.package_identification:_identify(src/my_robot_interface_joy) by extensions ['colcon_meta']
[0.568s] Level 1:colcon.colcon_core.package_identification:_identify(src/my_robot_interface_joy) by extension 'colcon_meta'
[0.568s] Level 1:colcon.colcon_core.package_identification:_identify(src/my_robot_interface_joy) by extensions ['ros']
[0.568s] Level 1:colcon.colcon_core.package_identification:_identify(src/my_robot_interface_joy) by extension 'ros'
[0.570s] DEBUG:colcon.colcon_core.package_identification:Package 'src/my_robot_interface_joy' with type 'ros.ament_python' and name 'my_robot_interface_joy'
[0.570s] Level 1:colcon.colcon_core.package_discovery:discover_packages(recursive) using defaults
[0.570s] Level 1:colcon.colcon_core.package_discovery:discover_packages(ignore) discover
[0.570s] Level 1:colcon.colcon_core.package_discovery:discover_packages(ignore) using defaults
[0.570s] Level 1:colcon.colcon_core.package_discovery:discover_packages(path) discover
[0.571s] Level 1:colcon.colcon_core.package_discovery:discover_packages(path) using defaults
[0.628s] Level 1:colcon.colcon_core.package_discovery:discover_packages(prefix_path) check parameters
[0.628s] Level 1:colcon.colcon_core.package_discovery:discover_packages(prefix_path) discover
[0.630s] WARNING:colcon.colcon_ros.prefix_path.catkin:The path '/path/to/vision_msgs/install' in the environment variable CMAKE_PREFIX_PATH doesn't exist
[0.631s] DEBUG:colcon.colcon_installed_package_information.package_discovery:Found 1 installed packages in /home/pushpanjali/ros2_work/install
[0.634s] DEBUG:colcon.colcon_installed_package_information.package_discovery:Found 294 installed packages in /opt/ros/humble
[0.637s] Level 1:colcon.colcon_core.package_discovery:discover_packages(prefix_path) using defaults
[0.712s] Level 5:colcon.colcon_core.verb:set package 'my_cpp_pkg' build argument 'cmake_args' from command line to 'None'
[0.713s] Level 5:colcon.colcon_core.verb:set package 'my_cpp_pkg' build argument 'cmake_target' from command line to 'None'
[0.713s] Level 5:colcon.colcon_core.verb:set package 'my_cpp_pkg' build argument 'cmake_target_skip_unavailable' from command line to 'False'
[0.713s] Level 5:colcon.colcon_core.verb:set package 'my_cpp_pkg' build argument 'cmake_clean_cache' from command line to 'False'
[0.713s] Level 5:colcon.colcon_core.verb:set package 'my_cpp_pkg' build argument 'cmake_clean_first' from command line to 'False'
[0.713s] Level 5:colcon.colcon_core.verb:set package 'my_cpp_pkg' build argument 'cmake_force_configure' from command line to 'False'
[0.713s] Level 5:colcon.colcon_core.verb:set package 'my_cpp_pkg' build argument 'ament_cmake_args' from command line to 'None'
[0.713s] Level 5:colcon.colcon_core.verb:set package 'my_cpp_pkg' build argument 'catkin_cmake_args' from command line to 'None'
[0.713s] Level 5:colcon.colcon_core.verb:set package 'my_cpp_pkg' build argument 'catkin_skip_building_tests' from command line to 'False'
[0.713s] DEBUG:colcon.colcon_core.verb:Building package 'my_cpp_pkg' with the following arguments: {'ament_cmake_args': None, 'build_base': '/home/pushpanjali/ros2/build/my_cpp_pkg', 'catkin_cmake_args': None, 'catkin_skip_building_tests': False, 'cmake_args': None, 'cmake_clean_cache': False, 'cmake_clean_first': False, 'cmake_force_configure': False, 'cmake_target': None, 'cmake_target_skip_unavailable': False, 'install_base': '/home/pushpanjali/ros2/install/my_cpp_pkg', 'merge_install': False, 'path': '/home/pushpanjali/ros2/src/my_cpp_pkg', 'symlink_install': False, 'test_result_base': None}
[0.714s] Level 5:colcon.colcon_core.verb:set package 'my_py_pkg' build argument 'cmake_args' from command line to 'None'
[0.714s] Level 5:colcon.colcon_core.verb:set package 'my_py_pkg' build argument 'cmake_target' from command line to 'None'
[0.714s] Level 5:colcon.colcon_core.verb:set package 'my_py_pkg' build argument 'cmake_target_skip_unavailable' from command line to 'False'
[0.715s] Level 5:colcon.colcon_core.verb:set package 'my_py_pkg' build argument 'cmake_clean_cache' from command line to 'False'
[0.715s] Level 5:colcon.colcon_core.verb:set package 'my_py_pkg' build argument 'cmake_clean_first' from command line to 'False'
[0.715s] Level 5:colcon.colcon_core.verb:set package 'my_py_pkg' build argument 'cmake_force_configure' from command line to 'False'
[0.715s] Level 5:colcon.colcon_core.verb:set package 'my_py_pkg' build argument 'ament_cmake_args' from command line to 'None'
[0.715s] Level 5:colcon.colcon_core.verb:set package 'my_py_pkg' build argument 'catkin_cmake_args' from command line to 'None'
[0.715s] Level 5:colcon.colcon_core.verb:set package 'my_py_pkg' build argument 'catkin_skip_building_tests' from command line to 'False'
[0.715s] DEBUG:colcon.colcon_core.verb:Building package 'my_py_pkg' with the following arguments: {'ament_cmake_args': None, 'build_base': '/home/pushpanjali/ros2/build/my_py_pkg', 'catkin_cmake_args': None, 'catkin_skip_building_tests': False, 'cmake_args': None, 'cmake_clean_cache': False, 'cmake_clean_first': False, 'cmake_force_configure': False, 'cmake_target': None, 'cmake_target_skip_unavailable': False, 'install_base': '/home/pushpanjali/ros2/install/my_py_pkg', 'merge_install': False, 'path': '/home/pushpanjali/ros2/src/my_py_pkg', 'symlink_install': False, 'test_result_base': None}
[0.716s] Level 5:colcon.colcon_core.verb:set package 'my_robot_interface_joy' build argument 'cmake_args' from command line to 'None'
[0.716s] Level 5:colcon.colcon_core.verb:set package 'my_robot_interface_joy' build argument 'cmake_target' from command line to 'None'
[0.716s] Level 5:colcon.colcon_core.verb:set package 'my_robot_interface_joy' build argument 'cmake_target_skip_unavailable' from command line to 'False'
[0.716s] Level 5:colcon.colcon_core.verb:set package 'my_robot_interface_joy' build argument 'cmake_clean_cache' from command line to 'False'
[0.716s] Level 5:colcon.colcon_core.verb:set package 'my_robot_interface_joy' build argument 'cmake_clean_first' from command line to 'False'
[0.716s] Level 5:colcon.colcon_core.verb:set package 'my_robot_interface_joy' build argument 'cmake_force_configure' from command line to 'False'
[0.716s] Level 5:colcon.colcon_core.verb:set package 'my_robot_interface_joy' build argument 'ament_cmake_args' from command line to 'None'
[0.716s] Level 5:colcon.colcon_core.verb:set package 'my_robot_interface_joy' build argument 'catkin_cmake_args' from command line to 'None'
[0.716s] Level 5:colcon.colcon_core.verb:set package 'my_robot_interface_joy' build argument 'catkin_skip_building_tests' from command line to 'False'
[0.716s] DEBUG:colcon.colcon_core.verb:Building package 'my_robot_interface_joy' with the following arguments: {'ament_cmake_args': None, 'build_base': '/home/pushpanjali/ros2/build/my_robot_interface_joy', 'catkin_cmake_args': None, 'catkin_skip_building_tests': False, 'cmake_args': None, 'cmake_clean_cache': False, 'cmake_clean_first': False, 'cmake_force_configure': False, 'cmake_target': None, 'cmake_target_skip_unavailable': False, 'install_base': '/home/pushpanjali/ros2/install/my_robot_interface_joy', 'merge_install': False, 'path': '/home/pushpanjali/ros2/src/my_robot_interface_joy', 'symlink_install': False, 'test_result_base': None}
[0.717s] INFO:colcon.colcon_core.executor:Executing jobs using 'parallel' executor
[0.719s] DEBUG:colcon.colcon_parallel_executor.executor.parallel:run_until_complete
[0.720s] INFO:colcon.colcon_ros.task.ament_cmake.build:Building ROS package in '/home/pushpanjali/ros2/src/my_cpp_pkg' with build type 'ament_cmake'
[0.720s] INFO:colcon.colcon_cmake.task.cmake.build:Building CMake package in '/home/pushpanjali/ros2/src/my_cpp_pkg'
[0.723s] INFO:colcon.colcon_core.plugin_system:Skipping extension 'colcon_core.shell.bat': Not used on non-Windows systems
[0.724s] INFO:colcon.colcon_core.shell:Skip shell extension 'powershell' for command environment: Not usable outside of PowerShell
[0.724s] DEBUG:colcon.colcon_core.shell:Skip shell extension 'dsv' for command environment
[0.738s] INFO:colcon.colcon_ros.task.ament_python.build:Building ROS package in '/home/pushpanjali/ros2/src/my_py_pkg' with build type 'ament_python'
[0.739s] Level 1:colcon.colcon_core.shell:create_environment_hook('my_py_pkg', 'ament_prefix_path')
[0.739s] INFO:colcon.colcon_core.shell:Creating environment hook '/home/pushpanjali/ros2/install/my_py_pkg/share/my_py_pkg/hook/ament_prefix_path.ps1'
[0.741s] INFO:colcon.colcon_core.shell:Creating environment descriptor '/home/pushpanjali/ros2/install/my_py_pkg/share/my_py_pkg/hook/ament_prefix_path.dsv'
[0.742s] INFO:colcon.colcon_core.shell:Creating environment hook '/home/pushpanjali/ros2/install/my_py_pkg/share/my_py_pkg/hook/ament_prefix_path.sh'
[0.744s] INFO:colcon.colcon_core.shell:Skip shell extension 'powershell' for command environment: Not usable outside of PowerShell
[0.744s] DEBUG:colcon.colcon_core.shell:Skip shell extension 'dsv' for command environment
[0.750s] INFO:colcon.colcon_ros.task.ament_python.build:Building ROS package in '/home/pushpanjali/ros2/src/my_robot_interface_joy' with build type 'ament_python'
[0.750s] Level 1:colcon.colcon_core.shell:create_environment_hook('my_robot_interface_joy', 'ament_prefix_path')
[0.751s] INFO:colcon.colcon_core.shell:Creating environment hook '/home/pushpanjali/ros2/install/my_robot_interface_joy/share/my_robot_interface_joy/hook/ament_prefix_path.ps1'
[0.752s] INFO:colcon.colcon_core.shell:Creating environment descriptor '/home/pushpanjali/ros2/install/my_robot_interface_joy/share/my_robot_interface_joy/hook/ament_prefix_path.dsv'
[0.753s] INFO:colcon.colcon_core.shell:Creating environment hook '/home/pushpanjali/ros2/install/my_robot_interface_joy/share/my_robot_interface_joy/hook/ament_prefix_path.sh'
[0.754s] INFO:colcon.colcon_core.shell:Skip shell extension 'powershell' for command environment: Not usable outside of PowerShell
[0.755s] DEBUG:colcon.colcon_core.shell:Skip shell extension 'dsv' for command environment
[0.771s] DEBUG:colcon.colcon_core.event_handler.log_command:Invoking command in '/home/pushpanjali/ros2/build/my_cpp_pkg': CMAKE_PREFIX_PATH=${CMAKE_PREFIX_PATH}:/opt/ros/humble /usr/bin/cmake --build /home/pushpanjali/ros2/build/my_cpp_pkg -- -j8 -l8
[1.305s] INFO:colcon.colcon_core.task.python.build:Building Python package in '/home/pushpanjali/ros2/src/my_py_pkg'
[1.306s] INFO:colcon.colcon_core.shell:Skip shell extension 'powershell' for command environment: Not usable outside of PowerShell
[1.306s] DEBUG:colcon.colcon_core.shell:Skip shell extension 'dsv' for command environment
[1.793s] INFO:colcon.colcon_core.task.python.build:Building Python package in '/home/pushpanjali/ros2/src/my_robot_interface_joy'
[1.794s] INFO:colcon.colcon_core.shell:Skip shell extension 'powershell' for command environment: Not usable outside of PowerShell
[1.794s] DEBUG:colcon.colcon_core.shell:Skip shell extension 'dsv' for command environment
[1.801s] DEBUG:colcon.colcon_core.event_handler.log_command:Invoked command in '/home/pushpanjali/ros2/build/my_cpp_pkg' returned '0': CMAKE_PREFIX_PATH=${CMAKE_PREFIX_PATH}:/opt/ros/humble /usr/bin/cmake --build /home/pushpanjali/ros2/build/my_cpp_pkg -- -j8 -l8
[1.873s] DEBUG:colcon.colcon_core.event_handler.log_command:Invoking command in '/home/pushpanjali/ros2/build/my_cpp_pkg': CMAKE_PREFIX_PATH=${CMAKE_PREFIX_PATH}:/opt/ros/humble /usr/bin/cmake --install /home/pushpanjali/ros2/build/my_cpp_pkg
[1.897s] Level 1:colcon.colcon_core.environment:create_environment_scripts_only(my_cpp_pkg)
[1.898s] DEBUG:colcon.colcon_core.event_handler.log_command:Invoked command in '/home/pushpanjali/ros2/build/my_cpp_pkg' returned '0': CMAKE_PREFIX_PATH=${CMAKE_PREFIX_PATH}:/opt/ros/humble /usr/bin/cmake --install /home/pushpanjali/ros2/build/my_cpp_pkg
[1.903s] Level 1:colcon.colcon_core.environment:checking '/home/pushpanjali/ros2/install/my_cpp_pkg' for CMake module files
[1.905s] Level 1:colcon.colcon_core.environment:checking '/home/pushpanjali/ros2/install/my_cpp_pkg' for CMake config files
[1.906s] Level 1:colcon.colcon_core.shell:create_environment_hook('my_cpp_pkg', 'cmake_prefix_path')
[1.906s] INFO:colcon.colcon_core.shell:Creating environment hook '/home/pushpanjali/ros2/install/my_cpp_pkg/share/my_cpp_pkg/hook/cmake_prefix_path.ps1'
[1.907s] INFO:colcon.colcon_core.shell:Creating environment descriptor '/home/pushpanjali/ros2/install/my_cpp_pkg/share/my_cpp_pkg/hook/cmake_prefix_path.dsv'
[1.908s] INFO:colcon.colcon_core.shell:Creating environment hook '/home/pushpanjali/ros2/install/my_cpp_pkg/share/my_cpp_pkg/hook/cmake_prefix_path.sh'
[1.910s] Level 1:colcon.colcon_core.environment:checking '/home/pushpanjali/ros2/install/my_cpp_pkg/lib'
[1.910s] Level 1:colcon.colcon_core.environment:checking '/home/pushpanjali/ros2/install/my_cpp_pkg/bin'
[1.910s] Level 1:colcon.colcon_core.environment:checking '/home/pushpanjali/ros2/install/my_cpp_pkg/lib/pkgconfig/my_cpp_pkg.pc'
[1.911s] Level 1:colcon.colcon_core.environment:checking '/home/pushpanjali/ros2/install/my_cpp_pkg/lib/python3.10/site-packages'
[1.912s] Level 1:colcon.colcon_core.environment:checking '/home/pushpanjali/ros2/install/my_cpp_pkg/bin'
[1.912s] INFO:colcon.colcon_core.shell:Creating package script '/home/pushpanjali/ros2/install/my_cpp_pkg/share/my_cpp_pkg/package.ps1'
[1.914s] INFO:colcon.colcon_core.shell:Creating package descriptor '/home/pushpanjali/ros2/install/my_cpp_pkg/share/my_cpp_pkg/package.dsv'
[1.915s] INFO:colcon.colcon_core.shell:Creating package script '/home/pushpanjali/ros2/install/my_cpp_pkg/share/my_cpp_pkg/package.sh'
[1.916s] INFO:colcon.colcon_core.shell:Creating package script '/home/pushpanjali/ros2/install/my_cpp_pkg/share/my_cpp_pkg/package.bash'
[1.918s] INFO:colcon.colcon_core.shell:Creating package script '/home/pushpanjali/ros2/install/my_cpp_pkg/share/my_cpp_pkg/package.zsh'
[1.919s] Level 1:colcon.colcon_core.environment:create_file_with_runtime_dependencies(/home/pushpanjali/ros2/install/my_cpp_pkg/share/colcon-core/packages/my_cpp_pkg)
[1.971s] Level 1:colcon.colcon_core.environment:create_environment_scripts_only(my_cpp_pkg)
[1.971s] Level 1:colcon.colcon_core.environment:checking '/home/pushpanjali/ros2/install/my_cpp_pkg' for CMake module files
[1.972s] Level 1:colcon.colcon_core.environment:checking '/home/pushpanjali/ros2/install/my_cpp_pkg' for CMake config files
[1.973s] Level 1:colcon.colcon_core.shell:create_environment_hook('my_cpp_pkg', 'cmake_prefix_path')
[1.973s] INFO:colcon.colcon_core.shell:Creating environment hook '/home/pushpanjali/ros2/install/my_cpp_pkg/share/my_cpp_pkg/hook/cmake_prefix_path.ps1'
[1.974s] INFO:colcon.colcon_core.shell:Creating environment descriptor '/home/pushpanjali/ros2/install/my_cpp_pkg/share/my_cpp_pkg/hook/cmake_prefix_path.dsv'
[1.975s] INFO:colcon.colcon_core.shell:Creating environment hook '/home/pushpanjali/ros2/install/my_cpp_pkg/share/my_cpp_pkg/hook/cmake_prefix_path.sh'
[1.976s] Level 1:colcon.colcon_core.environment:checking '/home/pushpanjali/ros2/install/my_cpp_pkg/lib'
[1.976s] Level 1:colcon.colcon_core.environment:checking '/home/pushpanjali/ros2/install/my_cpp_pkg/bin'
[1.976s] Level 1:colcon.colcon_core.environment:checking '/home/pushpanjali/ros2/install/my_cpp_pkg/lib/pkgconfig/my_cpp_pkg.pc'
[1.977s] Level 1:colcon.colcon_core.environment:checking '/home/pushpanjali/ros2/install/my_cpp_pkg/lib/python3.10/site-packages'
[1.977s] Level 1:colcon.colcon_core.environment:checking '/home/pushpanjali/ros2/install/my_cpp_pkg/bin'
[1.978s] INFO:colcon.colcon_core.shell:Creating package script '/home/pushpanjali/ros2/install/my_cpp_pkg/share/my_cpp_pkg/package.ps1'
[1.979s] INFO:colcon.colcon_core.shell:Creating package descriptor '/home/pushpanjali/ros2/install/my_cpp_pkg/share/my_cpp_pkg/package.dsv'
[1.980s] INFO:colcon.colcon_core.shell:Creating package script '/home/pushpanjali/ros2/install/my_cpp_pkg/share/my_cpp_pkg/package.sh'
[1.981s] INFO:colcon.colcon_core.shell:Creating package script '/home/pushpanjali/ros2/install/my_cpp_pkg/share/my_cpp_pkg/package.bash'
[1.982s] INFO:colcon.colcon_core.shell:Creating package script '/home/pushpanjali/ros2/install/my_cpp_pkg/share/my_cpp_pkg/package.zsh'
[1.983s] Level 1:colcon.colcon_core.environment:create_file_with_runtime_dependencies(/home/pushpanjali/ros2/install/my_cpp_pkg/share/colcon-core/packages/my_cpp_pkg)
[2.494s] DEBUG:colcon.colcon_core.event_handler.log_command:Invoking command in '/home/pushpanjali/ros2/src/my_robot_interface_joy': PYTHONPATH=/home/pushpanjali/ros2/build/my_robot_interface_joy/prefix_override:/usr/lib/python3/dist-packages/colcon_core/task/python/colcon_distutils_commands:/home/pushpanjali/ros2/install/my_robot_interface_joy/lib/python3.10/site-packages:${PYTHONPATH} /usr/bin/python3 -W ignore:setup.py install is deprecated setup.py egg_info --egg-base ../../build/my_robot_interface_joy build --build-base /home/pushpanjali/ros2/build/my_robot_interface_joy/build install --record /home/pushpanjali/ros2/build/my_robot_interface_joy/install.log --single-version-externally-managed install_data
[2.495s] DEBUG:colcon.colcon_core.event_handler.log_command:Invoking command in '/home/pushpanjali/ros2/src/my_py_pkg': PYTHONPATH=/home/pushpanjali/ros2/build/my_py_pkg/prefix_override:/usr/lib/python3/dist-packages/colcon_core/task/python/colcon_distutils_commands:/home/pushpanjali/ros2/install/my_py_pkg/lib/python3.10/site-packages:${PYTHONPATH} /usr/bin/python3 -W ignore:setup.py install is deprecated setup.py egg_info --egg-base ../../build/my_py_pkg build --build-base /home/pushpanjali/ros2/build/my_py_pkg/build install --record /home/pushpanjali/ros2/build/my_py_pkg/install.log --single-version-externally-managed install_data
[3.066s] Level 1:colcon.colcon_core.environment:checking '/home/pushpanjali/ros2/install/my_py_pkg' for CMake module files
[3.067s] DEBUG:colcon.colcon_core.event_handler.log_command:Invoked command in '/home/pushpanjali/ros2/src/my_py_pkg' returned '0': PYTHONPATH=/home/pushpanjali/ros2/build/my_py_pkg/prefix_override:/usr/lib/python3/dist-packages/colcon_core/task/python/colcon_distutils_commands:/home/pushpanjali/ros2/install/my_py_pkg/lib/python3.10/site-packages:${PYTHONPATH} /usr/bin/python3 -W ignore:setup.py install is deprecated setup.py egg_info --egg-base ../../build/my_py_pkg build --build-base /home/pushpanjali/ros2/build/my_py_pkg/build install --record /home/pushpanjali/ros2/build/my_py_pkg/install.log --single-version-externally-managed install_data
[3.068s] Level 1:colcon.colcon_core.environment:checking '/home/pushpanjali/ros2/install/my_py_pkg' for CMake config files
[3.070s] Level 1:colcon.colcon_core.environment:checking '/home/pushpanjali/ros2/install/my_py_pkg/lib'
[3.070s] Level 1:colcon.colcon_core.environment:checking '/home/pushpanjali/ros2/install/my_py_pkg/bin'
[3.070s] Level 1:colcon.colcon_core.environment:checking '/home/pushpanjali/ros2/install/my_py_pkg/lib/pkgconfig/my_py_pkg.pc'
[3.070s] Level 1:colcon.colcon_core.environment:checking '/home/pushpanjali/ros2/install/my_py_pkg/lib/python3.10/site-packages'
[3.070s] Level 1:colcon.colcon_core.shell:create_environment_hook('my_py_pkg', 'pythonpath')
[3.071s] INFO:colcon.colcon_core.shell:Creating environment hook '/home/pushpanjali/ros2/install/my_py_pkg/share/my_py_pkg/hook/pythonpath.ps1'
[3.072s] INFO:colcon.colcon_core.shell:Creating environment descriptor '/home/pushpanjali/ros2/install/my_py_pkg/share/my_py_pkg/hook/pythonpath.dsv'
[3.072s] INFO:colcon.colcon_core.shell:Creating environment hook '/home/pushpanjali/ros2/install/my_py_pkg/share/my_py_pkg/hook/pythonpath.sh'
[3.074s] Level 1:colcon.colcon_core.environment:checking '/home/pushpanjali/ros2/install/my_py_pkg/bin'
[3.074s] Level 1:colcon.colcon_core.environment:create_environment_scripts_only(my_py_pkg)
[3.074s] INFO:colcon.colcon_core.shell:Creating package script '/home/pushpanjali/ros2/install/my_py_pkg/share/my_py_pkg/package.ps1'
[3.075s] INFO:colcon.colcon_core.shell:Creating package descriptor '/home/pushpanjali/ros2/install/my_py_pkg/share/my_py_pkg/package.dsv'
[3.076s] INFO:colcon.colcon_core.shell:Creating package script '/home/pushpanjali/ros2/install/my_py_pkg/share/my_py_pkg/package.sh'
[3.077s] INFO:colcon.colcon_core.shell:Creating package script '/home/pushpanjali/ros2/install/my_py_pkg/share/my_py_pkg/package.bash'
[3.077s] INFO:colcon.colcon_core.shell:Creating package script '/home/pushpanjali/ros2/install/my_py_pkg/share/my_py_pkg/package.zsh'
[3.078s] Level 1:colcon.colcon_core.environment:create_file_with_runtime_dependencies(/home/pushpanjali/ros2/install/my_py_pkg/share/colcon-core/packages/my_py_pkg)
[3.080s] Level 1:colcon.colcon_core.environment:checking '/home/pushpanjali/ros2/install/my_robot_interface_joy' for CMake module files
[3.082s] DEBUG:colcon.colcon_core.event_handler.log_command:Invoked command in '/home/pushpanjali/ros2/src/my_robot_interface_joy' returned '0': PYTHONPATH=/home/pushpanjali/ros2/build/my_robot_interface_joy/prefix_override:/usr/lib/python3/dist-packages/colcon_core/task/python/colcon_distutils_commands:/home/pushpanjali/ros2/install/my_robot_interface_joy/lib/python3.10/site-packages:${PYTHONPATH} /usr/bin/python3 -W ignore:setup.py install is deprecated setup.py egg_info --egg-base ../../build/my_robot_interface_joy build --build-base /home/pushpanjali/ros2/build/my_robot_interface_joy/build install --record /home/pushpanjali/ros2/build/my_robot_interface_joy/install.log --single-version-externally-managed install_data
[3.082s] Level 1:colcon.colcon_core.environment:checking '/home/pushpanjali/ros2/install/my_robot_interface_joy' for CMake config files
[3.083s] Level 1:colcon.colcon_core.environment:checking '/home/pushpanjali/ros2/install/my_robot_interface_joy/lib'
[3.084s] Level 1:colcon.colcon_core.environment:checking '/home/pushpanjali/ros2/install/my_robot_interface_joy/bin'
[3.084s] Level 1:colcon.colcon_core.environment:checking '/home/pushpanjali/ros2/install/my_robot_interface_joy/lib/pkgconfig/my_robot_interface_joy.pc'
[3.084s] Level 1:colcon.colcon_core.environment:checking '/home/pushpanjali/ros2/install/my_robot_interface_joy/lib/python3.10/site-packages'
[3.084s] Level 1:colcon.colcon_core.shell:create_environment_hook('my_robot_interface_joy', 'pythonpath')
[3.085s] INFO:colcon.colcon_core.shell:Creating environment hook '/home/pushpanjali/ros2/install/my_robot_interface_joy/share/my_robot_interface_joy/hook/pythonpath.ps1'
[3.085s] INFO:colcon.colcon_core.shell:Creating environment descriptor '/home/pushpanjali/ros2/install/my_robot_interface_joy/share/my_robot_interface_joy/hook/pythonpath.dsv'
[3.086s] INFO:colcon.colcon_core.shell:Creating environment hook '/home/pushpanjali/ros2/install/my_robot_interface_joy/share/my_robot_interface_joy/hook/pythonpath.sh'
[3.087s] Level 1:colcon.colcon_core.environment:checking '/home/pushpanjali/ros2/install/my_robot_interface_joy/bin'
[3.088s] Level 1:colcon.colcon_core.environment:create_environment_scripts_only(my_robot_interface_joy)
[3.088s] INFO:colcon.colcon_core.shell:Creating package script '/home/pushpanjali/ros2/install/my_robot_interface_joy/share/my_robot_interface_joy/package.ps1'
[3.089s] INFO:colcon.colcon_core.shell:Creating package descriptor '/home/pushpanjali/ros2/install/my_robot_interface_joy/share/my_robot_interface_joy/package.dsv'
[3.090s] INFO:colcon.colcon_core.shell:Creating package script '/home/pushpanjali/ros2/install/my_robot_interface_joy/share/my_robot_interface_joy/package.sh'
[3.090s] INFO:colcon.colcon_core.shell:Creating package script '/home/pushpanjali/ros2/install/my_robot_interface_joy/share/my_robot_interface_joy/package.bash'
[3.091s] INFO:colcon.colcon_core.shell:Creating package script '/home/pushpanjali/ros2/install/my_robot_interface_joy/share/my_robot_interface_joy/package.zsh'
[3.092s] Level 1:colcon.colcon_core.environment:create_file_with_runtime_dependencies(/home/pushpanjali/ros2/install/my_robot_interface_joy/share/colcon-core/packages/my_robot_interface_joy)
[3.092s] DEBUG:colcon.colcon_parallel_executor.executor.parallel:closing loop
[3.093s] DEBUG:colcon.colcon_parallel_executor.executor.parallel:loop closed
[3.093s] DEBUG:colcon.colcon_parallel_executor.executor.parallel:run_until_complete finished with '0'
[3.093s] DEBUG:colcon.colcon_core.event_reactor:joining thread
[3.103s] INFO:colcon.colcon_core.plugin_system:Skipping extension 'colcon_notification.desktop_notification.terminal_notifier': Not used on non-Darwin systems
[3.103s] INFO:colcon.colcon_core.plugin_system:Skipping extension 'colcon_notification.desktop_notification.win32': Not used on non-Windows systems
[3.103s] INFO:colcon.colcon_notification.desktop_notification:Sending desktop notification using 'notify2'
[3.118s] DEBUG:colcon.colcon_core.event_reactor:joined thread
[3.119s] INFO:colcon.colcon_core.shell:Creating prefix script '/home/pushpanjali/ros2/install/local_setup.ps1'
[3.121s] INFO:colcon.colcon_core.shell:Creating prefix util module '/home/pushpanjali/ros2/install/_local_setup_util_ps1.py'
[3.126s] INFO:colcon.colcon_core.shell:Creating prefix chain script '/home/pushpanjali/ros2/install/setup.ps1'
[3.129s] INFO:colcon.colcon_core.shell:Creating prefix script '/home/pushpanjali/ros2/install/local_setup.sh'
[3.130s] INFO:colcon.colcon_core.shell:Creating prefix util module '/home/pushpanjali/ros2/install/_local_setup_util_sh.py'
[3.131s] INFO:colcon.colcon_core.shell:Creating prefix chain script '/home/pushpanjali/ros2/install/setup.sh'
[3.133s] INFO:colcon.colcon_core.shell:Creating prefix script '/home/pushpanjali/ros2/install/local_setup.bash'
[3.134s] INFO:colcon.colcon_core.shell:Creating prefix chain script '/home/pushpanjali/ros2/install/setup.bash'
[3.136s] INFO:colcon.colcon_core.shell:Creating prefix script '/home/pushpanjali/ros2/install/local_setup.zsh'
[3.137s] INFO:colcon.colcon_core.shell:Creating prefix chain script '/home/pushpanjali/ros2/install/setup.zsh'
