[0.620s] Invoking command in '/home/pushpanjali/ros2/src/my_robot_interface_joy': PYTHONPATH=/home/pushpanjali/ros2/build/my_robot_interface_joy/prefix_override:/usr/lib/python3/dist-packages/colcon_core/task/python/colcon_distutils_commands:/home/pushpanjali/ros2/install/my_robot_interface_joy/lib/python3.10/site-packages:${PYTHONPATH} /usr/bin/python3 -W ignore:setup.py install is deprecated setup.py egg_info --egg-base ../../build/my_robot_interface_joy build --build-base /home/pushpanjali/ros2/build/my_robot_interface_joy/build install --record /home/pushpanjali/ros2/build/my_robot_interface_joy/install.log --single-version-externally-managed install_data
[0.770s] running egg_info
[0.771s] writing ../../build/my_robot_interface_joy/my_robot_interface_joy.egg-info/PKG-INFO
[0.771s] writing dependency_links to ../../build/my_robot_interface_joy/my_robot_interface_joy.egg-info/dependency_links.txt
[0.771s] writing entry points to ../../build/my_robot_interface_joy/my_robot_interface_joy.egg-info/entry_points.txt
[0.771s] writing requirements to ../../build/my_robot_interface_joy/my_robot_interface_joy.egg-info/requires.txt
[0.771s] writing top-level names to ../../build/my_robot_interface_joy/my_robot_interface_joy.egg-info/top_level.txt
[0.773s] reading manifest file '../../build/my_robot_interface_joy/my_robot_interface_joy.egg-info/SOURCES.txt'
[0.773s] writing manifest file '../../build/my_robot_interface_joy/my_robot_interface_joy.egg-info/SOURCES.txt'
[0.773s] running build
[0.773s] running build_py
[0.773s] copying my_robot_interface_joy/JoyStick.py -> /home/pushpanjali/ros2/build/my_robot_interface_joy/build/lib/my_robot_interface_joy
[0.774s] running install
[0.774s] running install_lib
[0.774s] copying /home/pushpanjali/ros2/build/my_robot_interface_joy/build/lib/my_robot_interface_joy/JoyStick.py -> /home/pushpanjali/ros2/install/my_robot_interface_joy/lib/python3.10/site-packages/my_robot_interface_joy
[0.775s] byte-compiling /home/pushpanjali/ros2/install/my_robot_interface_joy/lib/python3.10/site-packages/my_robot_interface_joy/JoyStick.py to JoyStick.cpython-310.pyc
[0.775s] running install_data
[0.775s] running install_egg_info
[0.776s] removing '/home/pushpanjali/ros2/install/my_robot_interface_joy/lib/python3.10/site-packages/my_robot_interface_joy-0.0.0-py3.10.egg-info' (and everything under it)
[0.776s] Copying ../../build/my_robot_interface_joy/my_robot_interface_joy.egg-info to /home/pushpanjali/ros2/install/my_robot_interface_joy/lib/python3.10/site-packages/my_robot_interface_joy-0.0.0-py3.10.egg-info
[0.777s] running install_scripts
[0.793s] Installing JoyStick script to /home/pushpanjali/ros2/install/my_robot_interface_joy/lib/my_robot_interface_joy
[0.793s] writing list of installed files to '/home/pushpanjali/ros2/build/my_robot_interface_joy/install.log'
[0.819s] Invoked command in '/home/pushpanjali/ros2/src/my_robot_interface_joy' returned '0': PYTHONPATH=/home/pushpanjali/ros2/build/my_robot_interface_joy/prefix_override:/usr/lib/python3/dist-packages/colcon_core/task/python/colcon_distutils_commands:/home/pushpanjali/ros2/install/my_robot_interface_joy/lib/python3.10/site-packages:${PYTHONPATH} /usr/bin/python3 -W ignore:setup.py install is deprecated setup.py egg_info --egg-base ../../build/my_robot_interface_joy build --build-base /home/pushpanjali/ros2/build/my_robot_interface_joy/build install --record /home/pushpanjali/ros2/build/my_robot_interface_joy/install.log --single-version-externally-managed install_data
