[1.743s] Invoking command in '/home/pushpanjali/ros2/src/my_robot_interface_joy': PYTHONPATH=/home/pushpanjali/ros2/build/my_robot_interface_joy/prefix_override:/usr/lib/python3/dist-packages/colcon_core/task/python/colcon_distutils_commands:/home/pushpanjali/ros2/install/my_robot_interface_joy/lib/python3.10/site-packages:${PYTHONPATH} /usr/bin/python3 -W ignore:setup.py install is deprecated setup.py egg_info --egg-base ../../build/my_robot_interface_joy build --build-base /home/pushpanjali/ros2/build/my_robot_interface_joy/build install --record /home/pushpanjali/ros2/build/my_robot_interface_joy/install.log --single-version-externally-managed install_data
[2.197s] running egg_info
[2.198s] writing ../../build/my_robot_interface_joy/my_robot_interface_joy.egg-info/PKG-INFO
[2.207s] writing dependency_links to ../../build/my_robot_interface_joy/my_robot_interface_joy.egg-info/dependency_links.txt
[2.208s] writing entry points to ../../build/my_robot_interface_joy/my_robot_interface_joy.egg-info/entry_points.txt
[2.208s] writing requirements to ../../build/my_robot_interface_joy/my_robot_interface_joy.egg-info/requires.txt
[2.209s] writing top-level names to ../../build/my_robot_interface_joy/my_robot_interface_joy.egg-info/top_level.txt
[2.212s] reading manifest file '../../build/my_robot_interface_joy/my_robot_interface_joy.egg-info/SOURCES.txt'
[2.214s] writing manifest file '../../build/my_robot_interface_joy/my_robot_interface_joy.egg-info/SOURCES.txt'
[2.214s] running build
[2.215s] running build_py
[2.216s] running install
[2.217s] running install_lib
[2.220s] running install_data
[2.221s] running install_egg_info
[2.224s] removing '/home/pushpanjali/ros2/install/my_robot_interface_joy/lib/python3.10/site-packages/my_robot_interface_joy-0.0.0-py3.10.egg-info' (and everything under it)
[2.225s] Copying ../../build/my_robot_interface_joy/my_robot_interface_joy.egg-info to /home/pushpanjali/ros2/install/my_robot_interface_joy/lib/python3.10/site-packages/my_robot_interface_joy-0.0.0-py3.10.egg-info
[2.226s] running install_scripts
[2.266s] Installing JoyStick script to /home/pushpanjali/ros2/install/my_robot_interface_joy/lib/my_robot_interface_joy
[2.267s] writing list of installed files to '/home/pushpanjali/ros2/build/my_robot_interface_joy/install.log'
[2.331s] Invoked command in '/home/pushpanjali/ros2/src/my_robot_interface_joy' returned '0': PYTHONPATH=/home/pushpanjali/ros2/build/my_robot_interface_joy/prefix_override:/usr/lib/python3/dist-packages/colcon_core/task/python/colcon_distutils_commands:/home/pushpanjali/ros2/install/my_robot_interface_joy/lib/python3.10/site-packages:${PYTHONPATH} /usr/bin/python3 -W ignore:setup.py install is deprecated setup.py egg_info --egg-base ../../build/my_robot_interface_joy build --build-base /home/pushpanjali/ros2/build/my_robot_interface_joy/build install --record /home/pushpanjali/ros2/build/my_robot_interface_joy/install.log --single-version-externally-managed install_data
