/home/pushpanjali/ros2/install/my_py_pkg/lib/python3.10/site-packages/my_py_pkg/__init__.py
/home/pushpanjali/ros2/install/my_py_pkg/lib/python3.10/site-packages/my_py_pkg/publisher_node.py
/home/pushpanjali/ros2/install/my_py_pkg/lib/python3.10/site-packages/my_py_pkg/my_oops_node.py
/home/pushpanjali/ros2/install/my_py_pkg/lib/python3.10/site-packages/my_py_pkg/my_first_node.py
/home/pushpanjali/ros2/install/my_py_pkg/lib/python3.10/site-packages/my_py_pkg/__pycache__/__init__.cpython-310.pyc
/home/pushpanjali/ros2/install/my_py_pkg/lib/python3.10/site-packages/my_py_pkg/__pycache__/publisher_node.cpython-310.pyc
/home/pushpanjali/ros2/install/my_py_pkg/lib/python3.10/site-packages/my_py_pkg/__pycache__/my_oops_node.cpython-310.pyc
/home/pushpanjali/ros2/install/my_py_pkg/lib/python3.10/site-packages/my_py_pkg/__pycache__/my_first_node.cpython-310.pyc
/home/pushpanjali/ros2/install/my_py_pkg/share/ament_index/resource_index/packages/my_py_pkg
/home/pushpanjali/ros2/install/my_py_pkg/share/my_py_pkg/package.xml
/home/pushpanjali/ros2/install/my_py_pkg/lib/python3.10/site-packages/my_py_pkg-0.0.0-py3.10.egg-info/requires.txt
/home/pushpanjali/ros2/install/my_py_pkg/lib/python3.10/site-packages/my_py_pkg-0.0.0-py3.10.egg-info/PKG-INFO
/home/pushpanjali/ros2/install/my_py_pkg/lib/python3.10/site-packages/my_py_pkg-0.0.0-py3.10.egg-info/top_level.txt
/home/pushpanjali/ros2/install/my_py_pkg/lib/python3.10/site-packages/my_py_pkg-0.0.0-py3.10.egg-info/zip-safe
/home/pushpanjali/ros2/install/my_py_pkg/lib/python3.10/site-packages/my_py_pkg-0.0.0-py3.10.egg-info/SOURCES.txt
/home/pushpanjali/ros2/install/my_py_pkg/lib/python3.10/site-packages/my_py_pkg-0.0.0-py3.10.egg-info/dependency_links.txt
/home/pushpanjali/ros2/install/my_py_pkg/lib/python3.10/site-packages/my_py_pkg-0.0.0-py3.10.egg-info/entry_points.txt
/home/pushpanjali/ros2/install/my_py_pkg/lib/my_py_pkg/my_first_node
/home/pushpanjali/ros2/install/my_py_pkg/lib/my_py_pkg/my_oops_node
/home/pushpanjali/ros2/install/my_py_pkg/lib/my_py_pkg/publisher_node
