running egg_info
creating ../../build/my_robot_interface_joy/my_robot_interface_joy.egg-info
writing ../../build/my_robot_interface_joy/my_robot_interface_joy.egg-info/PKG-INFO
writing dependency_links to ../../build/my_robot_interface_joy/my_robot_interface_joy.egg-info/dependency_links.txt
writing entry points to ../../build/my_robot_interface_joy/my_robot_interface_joy.egg-info/entry_points.txt
writing requirements to ../../build/my_robot_interface_joy/my_robot_interface_joy.egg-info/requires.txt
writing top-level names to ../../build/my_robot_interface_joy/my_robot_interface_joy.egg-info/top_level.txt
writing manifest file '../../build/my_robot_interface_joy/my_robot_interface_joy.egg-info/SOURCES.txt'
reading manifest file '../../build/my_robot_interface_joy/my_robot_interface_joy.egg-info/SOURCES.txt'
writing manifest file '../../build/my_robot_interface_joy/my_robot_interface_joy.egg-info/SOURCES.txt'
running build
running build_py
creating /home/pushpanjali/ros2/build/my_robot_interface_joy/build
creating /home/pushpanjali/ros2/build/my_robot_interface_joy/build/lib
creating /home/pushpanjali/ros2/build/my_robot_interface_joy/build/lib/my_robot_interface_joy
copying my_robot_interface_joy/__init__.py -> /home/pushpanjali/ros2/build/my_robot_interface_joy/build/lib/my_robot_interface_joy
running install
running install_lib
creating /home/pushpanjali/ros2/install/my_robot_interface_joy/lib/python3.10/site-packages/my_robot_interface_joy
copying /home/pushpanjali/ros2/build/my_robot_interface_joy/build/lib/my_robot_interface_joy/__init__.py -> /home/pushpanjali/ros2/install/my_robot_interface_joy/lib/python3.10/site-packages/my_robot_interface_joy
byte-compiling /home/pushpanjali/ros2/install/my_robot_interface_joy/lib/python3.10/site-packages/my_robot_interface_joy/__init__.py to __init__.cpython-310.pyc
running install_data
creating /home/pushpanjali/ros2/install/my_robot_interface_joy/share/ament_index
creating /home/pushpanjali/ros2/install/my_robot_interface_joy/share/ament_index/resource_index
creating /home/pushpanjali/ros2/install/my_robot_interface_joy/share/ament_index/resource_index/packages
copying resource/my_robot_interface_joy -> /home/pushpanjali/ros2/install/my_robot_interface_joy/share/ament_index/resource_index/packages
copying package.xml -> /home/pushpanjali/ros2/install/my_robot_interface_joy/share/my_robot_interface_joy
running install_egg_info
Copying ../../build/my_robot_interface_joy/my_robot_interface_joy.egg-info to /home/pushpanjali/ros2/install/my_robot_interface_joy/lib/python3.10/site-packages/my_robot_interface_joy-0.0.0-py3.10.egg-info
running install_scripts
writing list of installed files to '/home/pushpanjali/ros2/build/my_robot_interface_joy/install.log'
