[0.631s] Invoking command in '/home/pushpanjali/ros2/src/my_robot_interface_joy': PYTHONPATH=/home/pushpanjali/ros2/build/my_robot_interface_joy/prefix_override:/usr/lib/python3/dist-packages/colcon_core/task/python/colcon_distutils_commands:/home/pushpanjali/ros2/install/my_robot_interface_joy/lib/python3.10/site-packages:${PYTHONPATH} /usr/bin/python3 -W ignore:setup.py install is deprecated setup.py egg_info --egg-base ../../build/my_robot_interface_joy build --build-base /home/pushpanjali/ros2/build/my_robot_interface_joy/build install --record /home/pushpanjali/ros2/build/my_robot_interface_joy/install.log --single-version-externally-managed install_data
[0.795s] running egg_info
[0.796s] creating ../../build/my_robot_interface_joy/my_robot_interface_joy.egg-info
[0.796s] writing ../../build/my_robot_interface_joy/my_robot_interface_joy.egg-info/PKG-INFO
[0.796s] writing dependency_links to ../../build/my_robot_interface_joy/my_robot_interface_joy.egg-info/dependency_links.txt
[0.796s] writing entry points to ../../build/my_robot_interface_joy/my_robot_interface_joy.egg-info/entry_points.txt
[0.796s] writing requirements to ../../build/my_robot_interface_joy/my_robot_interface_joy.egg-info/requires.txt
[0.796s] writing top-level names to ../../build/my_robot_interface_joy/my_robot_interface_joy.egg-info/top_level.txt
[0.796s] writing manifest file '../../build/my_robot_interface_joy/my_robot_interface_joy.egg-info/SOURCES.txt'
[0.798s] reading manifest file '../../build/my_robot_interface_joy/my_robot_interface_joy.egg-info/SOURCES.txt'
[0.798s] writing manifest file '../../build/my_robot_interface_joy/my_robot_interface_joy.egg-info/SOURCES.txt'
[0.798s] running build
[0.798s] running build_py
[0.798s] creating /home/pushpanjali/ros2/build/my_robot_interface_joy/build
[0.798s] creating /home/pushpanjali/ros2/build/my_robot_interface_joy/build/lib
[0.798s] creating /home/pushpanjali/ros2/build/my_robot_interface_joy/build/lib/my_robot_interface_joy
[0.798s] copying my_robot_interface_joy/__init__.py -> /home/pushpanjali/ros2/build/my_robot_interface_joy/build/lib/my_robot_interface_joy
[0.798s] running install
[0.799s] running install_lib
[0.800s] creating /home/pushpanjali/ros2/install/my_robot_interface_joy/lib/python3.10/site-packages/my_robot_interface_joy
[0.800s] copying /home/pushpanjali/ros2/build/my_robot_interface_joy/build/lib/my_robot_interface_joy/__init__.py -> /home/pushpanjali/ros2/install/my_robot_interface_joy/lib/python3.10/site-packages/my_robot_interface_joy
[0.800s] byte-compiling /home/pushpanjali/ros2/install/my_robot_interface_joy/lib/python3.10/site-packages/my_robot_interface_joy/__init__.py to __init__.cpython-310.pyc
[0.801s] running install_data
[0.801s] creating /home/pushpanjali/ros2/install/my_robot_interface_joy/share/ament_index
[0.801s] creating /home/pushpanjali/ros2/install/my_robot_interface_joy/share/ament_index/resource_index
[0.801s] creating /home/pushpanjali/ros2/install/my_robot_interface_joy/share/ament_index/resource_index/packages
[0.801s] copying resource/my_robot_interface_joy -> /home/pushpanjali/ros2/install/my_robot_interface_joy/share/ament_index/resource_index/packages
[0.801s] copying package.xml -> /home/pushpanjali/ros2/install/my_robot_interface_joy/share/my_robot_interface_joy
[0.801s] running install_egg_info
[0.803s] Copying ../../build/my_robot_interface_joy/my_robot_interface_joy.egg-info to /home/pushpanjali/ros2/install/my_robot_interface_joy/lib/python3.10/site-packages/my_robot_interface_joy-0.0.0-py3.10.egg-info
[0.803s] running install_scripts
[0.823s] writing list of installed files to '/home/pushpanjali/ros2/build/my_robot_interface_joy/install.log'
[0.865s] Invoked command in '/home/pushpanjali/ros2/src/my_robot_interface_joy' returned '0': PYTHONPATH=/home/pushpanjali/ros2/build/my_robot_interface_joy/prefix_override:/usr/lib/python3/dist-packages/colcon_core/task/python/colcon_distutils_commands:/home/pushpanjali/ros2/install/my_robot_interface_joy/lib/python3.10/site-packages:${PYTHONPATH} /usr/bin/python3 -W ignore:setup.py install is deprecated setup.py egg_info --egg-base ../../build/my_robot_interface_joy build --build-base /home/pushpanjali/ros2/build/my_robot_interface_joy/build install --record /home/pushpanjali/ros2/build/my_robot_interface_joy/install.log --single-version-externally-managed install_data
