[1.755s] Invoking command in '/home/pushpanjali/ros2/src/my_py_pkg': PYTHONPATH=/home/pushpanjali/ros2/build/my_py_pkg/prefix_override:/usr/lib/python3/dist-packages/colcon_core/task/python/colcon_distutils_commands:/home/pushpanjali/ros2/install/my_py_pkg/lib/python3.10/site-packages:${PYTHONPATH} /usr/bin/python3 -W ignore:setup.py install is deprecated setup.py egg_info --egg-base ../../build/my_py_pkg build --build-base /home/pushpanjali/ros2/build/my_py_pkg/build install --record /home/pushpanjali/ros2/build/my_py_pkg/install.log --single-version-externally-managed install_data
[2.213s] running egg_info
[2.214s] writing ../../build/my_py_pkg/my_py_pkg.egg-info/PKG-INFO
[2.218s] writing dependency_links to ../../build/my_py_pkg/my_py_pkg.egg-info/dependency_links.txt
[2.218s] writing entry points to ../../build/my_py_pkg/my_py_pkg.egg-info/entry_points.txt
[2.219s] writing requirements to ../../build/my_py_pkg/my_py_pkg.egg-info/requires.txt
[2.220s] writing top-level names to ../../build/my_py_pkg/my_py_pkg.egg-info/top_level.txt
[2.222s] reading manifest file '../../build/my_py_pkg/my_py_pkg.egg-info/SOURCES.txt'
[2.224s] writing manifest file '../../build/my_py_pkg/my_py_pkg.egg-info/SOURCES.txt'
[2.225s] running build
[2.225s] running build_py
[2.226s] running install
[2.227s] running install_lib
[2.230s] running install_data
[2.231s] running install_egg_info
[2.234s] removing '/home/pushpanjali/ros2/install/my_py_pkg/lib/python3.10/site-packages/my_py_pkg-0.0.0-py3.10.egg-info' (and everything under it)
[2.234s] Copying ../../build/my_py_pkg/my_py_pkg.egg-info to /home/pushpanjali/ros2/install/my_py_pkg/lib/python3.10/site-packages/my_py_pkg-0.0.0-py3.10.egg-info
[2.236s] running install_scripts
[2.276s] Installing my_first_node script to /home/pushpanjali/ros2/install/my_py_pkg/lib/my_py_pkg
[2.277s] Installing my_oops_node script to /home/pushpanjali/ros2/install/my_py_pkg/lib/my_py_pkg
[2.277s] Installing publisher_node script to /home/pushpanjali/ros2/install/my_py_pkg/lib/my_py_pkg
[2.278s] writing list of installed files to '/home/pushpanjali/ros2/build/my_py_pkg/install.log'
[2.327s] Invoked command in '/home/pushpanjali/ros2/src/my_py_pkg' returned '0': PYTHONPATH=/home/pushpanjali/ros2/build/my_py_pkg/prefix_override:/usr/lib/python3/dist-packages/colcon_core/task/python/colcon_distutils_commands:/home/pushpanjali/ros2/install/my_py_pkg/lib/python3.10/site-packages:${PYTHONPATH} /usr/bin/python3 -W ignore:setup.py install is deprecated setup.py egg_info --egg-base ../../build/my_py_pkg build --build-base /home/pushpanjali/ros2/build/my_py_pkg/build install --record /home/pushpanjali/ros2/build/my_py_pkg/install.log --single-version-externally-managed install_data
