[0.009s] Invoking command in '/home/pushpanjali/ros2/build/my_cpp_pkg': CMAKE_PREFIX_PATH=${CMAKE_PREFIX_PATH}:/opt/ros/humble /usr/bin/cmake --build /home/pushpanjali/ros2/build/my_cpp_pkg -- -j8 -l8
[0.026s] -- Found ament_cmake: 1.3.10 (/opt/ros/humble/share/ament_cmake/cmake)
[0.107s] -- Found rclcpp: 16.0.10 (/opt/ros/humble/share/rclcpp/cmake)
[0.124s] -- Found rosidl_generator_c: 3.1.5 (/opt/ros/humble/share/rosidl_generator_c/cmake)
[0.126s] -- Found rosidl_adapter: 3.1.5 (/opt/ros/humble/share/rosidl_adapter/cmake)
[0.129s] -- Found rosidl_generator_cpp: 3.1.5 (/opt/ros/humble/share/rosidl_generator_cpp/cmake)
[0.135s] -- Using all available rosidl_typesupport_c: rosidl_typesupport_fastrtps_c;rosidl_typesupport_introspection_c
[0.143s] -- Using all available rosidl_typesupport_cpp: rosidl_typesupport_fastrtps_cpp;rosidl_typesupport_introspection_cpp
[0.162s] -- Found rmw_implementation_cmake: 6.1.2 (/opt/ros/humble/share/rmw_implementation_cmake/cmake)
[0.163s] -- Found rmw_fastrtps_cpp: 6.2.7 (/opt/ros/humble/share/rmw_fastrtps_cpp/cmake)
[0.224s] -- Using RMW implementation 'rmw_fastrtps_cpp' as default
[0.255s] -- Found ament_lint_auto: 0.12.11 (/opt/ros/humble/share/ament_lint_auto/cmake)
[0.301s] -- Added test 'cppcheck' to perform static code analysis on C / C++ code
[0.301s] -- Configured cppcheck include dirs: 
[0.301s] -- Configured cppcheck exclude dirs and/or files: 
[0.302s] -- Added test 'lint_cmake' to check CMake code style
[0.306s] -- Added test 'uncrustify' to check C / C++ code style
[0.306s] -- Configured uncrustify additional arguments: 
[0.307s] -- Added test 'xmllint' to check XML markup files
[0.307s] -- Configuring done
[0.321s] -- Generating done
[0.322s] -- Build files have been written to: /home/pushpanjali/ros2/build/my_cpp_pkg
[0.343s] [35m[1mConsolidate compiler generated dependencies of target my_oops_node[0m
[0.343s] [35m[1mConsolidate compiler generated dependencies of target my_first_node[0m
[0.349s] [ 16%] [32mBuilding CXX object CMakeFiles/subscriber_node.dir/src/subscriber_node.cpp.o[0m
[0.356s] [ 50%] Built target my_first_node
[0.358s] [ 83%] Built target my_oops_node
[6.072s] [100%] [32m[1mLinking CXX executable subscriber_node[0m
[6.344s] [100%] Built target subscriber_node
[6.355s] Invoked command in '/home/pushpanjali/ros2/build/my_cpp_pkg' returned '0': CMAKE_PREFIX_PATH=${CMAKE_PREFIX_PATH}:/opt/ros/humble /usr/bin/cmake --build /home/pushpanjali/ros2/build/my_cpp_pkg -- -j8 -l8
[6.379s] Invoking command in '/home/pushpanjali/ros2/build/my_cpp_pkg': CMAKE_PREFIX_PATH=${CMAKE_PREFIX_PATH}:/opt/ros/humble /usr/bin/cmake --install /home/pushpanjali/ros2/build/my_cpp_pkg
[6.386s] -- Install configuration: ""
[6.386s] -- Up-to-date: /home/pushpanjali/ros2/install/my_cpp_pkg/lib/my_cpp_pkg/my_first_node
[6.386s] -- Up-to-date: /home/pushpanjali/ros2/install/my_cpp_pkg/lib/my_cpp_pkg/my_oops_node
[6.386s] -- Installing: /home/pushpanjali/ros2/install/my_cpp_pkg/lib/my_cpp_pkg/subscriber_node
[6.390s] -- Set runtime path of "/home/pushpanjali/ros2/install/my_cpp_pkg/lib/my_cpp_pkg/subscriber_node" to ""
[6.390s] -- Up-to-date: /home/pushpanjali/ros2/install/my_cpp_pkg/share/ament_index/resource_index/package_run_dependencies/my_cpp_pkg
[6.390s] -- Up-to-date: /home/pushpanjali/ros2/install/my_cpp_pkg/share/ament_index/resource_index/parent_prefix_path/my_cpp_pkg
[6.390s] -- Up-to-date: /home/pushpanjali/ros2/install/my_cpp_pkg/share/my_cpp_pkg/environment/ament_prefix_path.sh
[6.390s] -- Installing: /home/pushpanjali/ros2/install/my_cpp_pkg/share/my_cpp_pkg/environment/ament_prefix_path.dsv
[6.390s] -- Up-to-date: /home/pushpanjali/ros2/install/my_cpp_pkg/share/my_cpp_pkg/environment/path.sh
[6.390s] -- Installing: /home/pushpanjali/ros2/install/my_cpp_pkg/share/my_cpp_pkg/environment/path.dsv
[6.390s] -- Up-to-date: /home/pushpanjali/ros2/install/my_cpp_pkg/share/my_cpp_pkg/local_setup.bash
[6.390s] -- Up-to-date: /home/pushpanjali/ros2/install/my_cpp_pkg/share/my_cpp_pkg/local_setup.sh
[6.390s] -- Up-to-date: /home/pushpanjali/ros2/install/my_cpp_pkg/share/my_cpp_pkg/local_setup.zsh
[6.391s] -- Installing: /home/pushpanjali/ros2/install/my_cpp_pkg/share/my_cpp_pkg/local_setup.dsv
[6.391s] -- Installing: /home/pushpanjali/ros2/install/my_cpp_pkg/share/my_cpp_pkg/package.dsv
[6.391s] -- Up-to-date: /home/pushpanjali/ros2/install/my_cpp_pkg/share/ament_index/resource_index/packages/my_cpp_pkg
[6.391s] -- Up-to-date: /home/pushpanjali/ros2/install/my_cpp_pkg/share/my_cpp_pkg/cmake/my_cpp_pkgConfig.cmake
[6.391s] -- Up-to-date: /home/pushpanjali/ros2/install/my_cpp_pkg/share/my_cpp_pkg/cmake/my_cpp_pkgConfig-version.cmake
[6.391s] -- Up-to-date: /home/pushpanjali/ros2/install/my_cpp_pkg/share/my_cpp_pkg/package.xml
[6.392s] Invoked command in '/home/pushpanjali/ros2/build/my_cpp_pkg' returned '0': CMAKE_PREFIX_PATH=${CMAKE_PREFIX_PATH}:/opt/ros/humble /usr/bin/cmake --install /home/pushpanjali/ros2/build/my_cpp_pkg
