[0.584s] Invoking command in '/home/pushpanjali/ros2/src/my_robot_interface_joy': PYTHONPATH=/home/pushpanjali/ros2/build/my_robot_interface_joy/prefix_override:/usr/lib/python3/dist-packages/colcon_core/task/python/colcon_distutils_commands:/home/pushpanjali/ros2/install/my_robot_interface_joy/lib/python3.10/site-packages:${PYTHONPATH} /usr/bin/python3 -W ignore:setup.py install is deprecated setup.py egg_info --egg-base ../../build/my_robot_interface_joy build --build-base /home/pushpanjali/ros2/build/my_robot_interface_joy/build install --record /home/pushpanjali/ros2/build/my_robot_interface_joy/install.log --single-version-externally-managed install_data
[0.729s] running egg_info
[0.730s] writing ../../build/my_robot_interface_joy/my_robot_interface_joy.egg-info/PKG-INFO
[0.739s] writing dependency_links to ../../build/my_robot_interface_joy/my_robot_interface_joy.egg-info/dependency_links.txt
[0.739s] writing entry points to ../../build/my_robot_interface_joy/my_robot_interface_joy.egg-info/entry_points.txt
[0.739s] writing requirements to ../../build/my_robot_interface_joy/my_robot_interface_joy.egg-info/requires.txt
[0.739s] writing top-level names to ../../build/my_robot_interface_joy/my_robot_interface_joy.egg-info/top_level.txt
[0.740s] reading manifest file '../../build/my_robot_interface_joy/my_robot_interface_joy.egg-info/SOURCES.txt'
[0.741s] writing manifest file '../../build/my_robot_interface_joy/my_robot_interface_joy.egg-info/SOURCES.txt'
[0.741s] running build
[0.741s] running build_py
[0.742s] running install
[0.742s] running install_lib
[0.743s] running install_data
[0.744s] running install_egg_info
[0.745s] removing '/home/pushpanjali/ros2/install/my_robot_interface_joy/lib/python3.10/site-packages/my_robot_interface_joy-0.0.0-py3.10.egg-info' (and everything under it)
[0.745s] Copying ../../build/my_robot_interface_joy/my_robot_interface_joy.egg-info to /home/pushpanjali/ros2/install/my_robot_interface_joy/lib/python3.10/site-packages/my_robot_interface_joy-0.0.0-py3.10.egg-info
[0.746s] running install_scripts
[0.760s] Installing JoyStick script to /home/pushpanjali/ros2/install/my_robot_interface_joy/lib/my_robot_interface_joy
[0.760s] writing list of installed files to '/home/pushpanjali/ros2/build/my_robot_interface_joy/install.log'
[0.791s] Invoked command in '/home/pushpanjali/ros2/src/my_robot_interface_joy' returned '0': PYTHONPATH=/home/pushpanjali/ros2/build/my_robot_interface_joy/prefix_override:/usr/lib/python3/dist-packages/colcon_core/task/python/colcon_distutils_commands:/home/pushpanjali/ros2/install/my_robot_interface_joy/lib/python3.10/site-packages:${PYTHONPATH} /usr/bin/python3 -W ignore:setup.py install is deprecated setup.py egg_info --egg-base ../../build/my_robot_interface_joy build --build-base /home/pushpanjali/ros2/build/my_robot_interface_joy/build install --record /home/pushpanjali/ros2/build/my_robot_interface_joy/install.log --single-version-externally-managed install_data
