[0.422s] Invoking command in '/home/pushpanjali/ros2/src/my_py_pkg': PYTHONPATH=/home/pushpanjali/ros2/build/my_py_pkg/prefix_override:/usr/lib/python3/dist-packages/colcon_core/task/python/colcon_distutils_commands:/home/pushpanjali/ros2/install/my_py_pkg/lib/python3.10/site-packages:${PYTHONPATH} /usr/bin/python3 -W ignore:setup.py install is deprecated setup.py egg_info --egg-base ../../build/my_py_pkg build --build-base /home/pushpanjali/ros2/build/my_py_pkg/build install --record /home/pushpanjali/ros2/build/my_py_pkg/install.log --single-version-externally-managed install_data
[0.566s] running egg_info
[0.567s] creating ../../build/my_py_pkg/my_py_pkg.egg-info
[0.567s] writing ../../build/my_py_pkg/my_py_pkg.egg-info/PKG-INFO
[0.567s] writing dependency_links to ../../build/my_py_pkg/my_py_pkg.egg-info/dependency_links.txt
[0.567s] writing entry points to ../../build/my_py_pkg/my_py_pkg.egg-info/entry_points.txt
[0.567s] writing requirements to ../../build/my_py_pkg/my_py_pkg.egg-info/requires.txt
[0.567s] writing top-level names to ../../build/my_py_pkg/my_py_pkg.egg-info/top_level.txt
[0.567s] writing manifest file '../../build/my_py_pkg/my_py_pkg.egg-info/SOURCES.txt'
[0.568s] reading manifest file '../../build/my_py_pkg/my_py_pkg.egg-info/SOURCES.txt'
[0.569s] writing manifest file '../../build/my_py_pkg/my_py_pkg.egg-info/SOURCES.txt'
[0.569s] running build
[0.569s] running build_py
[0.569s] creating /home/pushpanjali/ros2/build/my_py_pkg/build
[0.569s] creating /home/pushpanjali/ros2/build/my_py_pkg/build/lib
[0.569s] creating /home/pushpanjali/ros2/build/my_py_pkg/build/lib/my_py_pkg
[0.569s] copying my_py_pkg/__init__.py -> /home/pushpanjali/ros2/build/my_py_pkg/build/lib/my_py_pkg
[0.569s] running install
[0.570s] running install_lib
[0.570s] creating /home/pushpanjali/ros2/install/my_py_pkg/lib/python3.10/site-packages/my_py_pkg
[0.570s] copying /home/pushpanjali/ros2/build/my_py_pkg/build/lib/my_py_pkg/__init__.py -> /home/pushpanjali/ros2/install/my_py_pkg/lib/python3.10/site-packages/my_py_pkg
[0.570s] byte-compiling /home/pushpanjali/ros2/install/my_py_pkg/lib/python3.10/site-packages/my_py_pkg/__init__.py to __init__.cpython-310.pyc
[0.571s] running install_data
[0.571s] creating /home/pushpanjali/ros2/install/my_py_pkg/share/ament_index
[0.571s] creating /home/pushpanjali/ros2/install/my_py_pkg/share/ament_index/resource_index
[0.571s] creating /home/pushpanjali/ros2/install/my_py_pkg/share/ament_index/resource_index/packages
[0.571s] copying resource/my_py_pkg -> /home/pushpanjali/ros2/install/my_py_pkg/share/ament_index/resource_index/packages
[0.571s] copying package.xml -> /home/pushpanjali/ros2/install/my_py_pkg/share/my_py_pkg
[0.571s] running install_egg_info
[0.572s] Copying ../../build/my_py_pkg/my_py_pkg.egg-info to /home/pushpanjali/ros2/install/my_py_pkg/lib/python3.10/site-packages/my_py_pkg-0.0.0-py3.10.egg-info
[0.572s] running install_scripts
[0.586s] writing list of installed files to '/home/pushpanjali/ros2/build/my_py_pkg/install.log'
[0.605s] Invoked command in '/home/pushpanjali/ros2/src/my_py_pkg' returned '0': PYTHONPATH=/home/pushpanjali/ros2/build/my_py_pkg/prefix_override:/usr/lib/python3/dist-packages/colcon_core/task/python/colcon_distutils_commands:/home/pushpanjali/ros2/install/my_py_pkg/lib/python3.10/site-packages:${PYTHONPATH} /usr/bin/python3 -W ignore:setup.py install is deprecated setup.py egg_info --egg-base ../../build/my_py_pkg build --build-base /home/pushpanjali/ros2/build/my_py_pkg/build install --record /home/pushpanjali/ros2/build/my_py_pkg/install.log --single-version-externally-managed install_data
