[0.014s] Invoking command in '/home/pushpanjali/ros2/build/my_cpp_pkg': /usr/bin/cmake --build /home/pushpanjali/ros2/build/my_cpp_pkg -- -j8 -l8
[0.179s] [100%] Built target subscriber_node
[0.180s] [100%] Built target my_first_node
[0.180s] [100%] Built target my_oops_node
[0.346s] Invoked command in '/home/pushpanjali/ros2/build/my_cpp_pkg' returned '0': /usr/bin/cmake --build /home/pushpanjali/ros2/build/my_cpp_pkg -- -j8 -l8
[0.371s] Invoking command in '/home/pushpanjali/ros2/build/my_cpp_pkg': /usr/bin/cmake --install /home/pushpanjali/ros2/build/my_cpp_pkg
[0.377s] -- Install configuration: ""
[0.378s] -- Up-to-date: /home/pushpanjali/ros2/install/my_cpp_pkg/lib/my_cpp_pkg/my_first_node
[0.378s] -- Up-to-date: /home/pushpanjali/ros2/install/my_cpp_pkg/lib/my_cpp_pkg/my_oops_node
[0.379s] -- Up-to-date: /home/pushpanjali/ros2/install/my_cpp_pkg/lib/my_cpp_pkg/subscriber_node
[0.379s] -- Up-to-date: /home/pushpanjali/ros2/install/my_cpp_pkg/share/ament_index/resource_index/package_run_dependencies/my_cpp_pkg
[0.379s] -- Up-to-date: /home/pushpanjali/ros2/install/my_cpp_pkg/share/ament_index/resource_index/parent_prefix_path/my_cpp_pkg
[0.380s] -- Up-to-date: /home/pushpanjali/ros2/install/my_cpp_pkg/share/my_cpp_pkg/environment/ament_prefix_path.sh
[0.380s] -- Up-to-date: /home/pushpanjali/ros2/install/my_cpp_pkg/share/my_cpp_pkg/environment/ament_prefix_path.dsv
[0.380s] -- Up-to-date: /home/pushpanjali/ros2/install/my_cpp_pkg/share/my_cpp_pkg/environment/path.sh
[0.380s] -- Up-to-date: /home/pushpanjali/ros2/install/my_cpp_pkg/share/my_cpp_pkg/environment/path.dsv
[0.380s] -- Up-to-date: /home/pushpanjali/ros2/install/my_cpp_pkg/share/my_cpp_pkg/local_setup.bash
[0.380s] -- Up-to-date: /home/pushpanjali/ros2/install/my_cpp_pkg/share/my_cpp_pkg/local_setup.sh
[0.380s] -- Up-to-date: /home/pushpanjali/ros2/install/my_cpp_pkg/share/my_cpp_pkg/local_setup.zsh
[0.380s] -- Up-to-date: /home/pushpanjali/ros2/install/my_cpp_pkg/share/my_cpp_pkg/local_setup.dsv
[0.380s] -- Installing: /home/pushpanjali/ros2/install/my_cpp_pkg/share/my_cpp_pkg/package.dsv
[0.380s] -- Up-to-date: /home/pushpanjali/ros2/install/my_cpp_pkg/share/ament_index/resource_index/packages/my_cpp_pkg
[0.380s] -- Up-to-date: /home/pushpanjali/ros2/install/my_cpp_pkg/share/my_cpp_pkg/cmake/my_cpp_pkgConfig.cmake
[0.380s] -- Up-to-date: /home/pushpanjali/ros2/install/my_cpp_pkg/share/my_cpp_pkg/cmake/my_cpp_pkgConfig-version.cmake
[0.381s] -- Up-to-date: /home/pushpanjali/ros2/install/my_cpp_pkg/share/my_cpp_pkg/package.xml
[0.382s] Invoked command in '/home/pushpanjali/ros2/build/my_cpp_pkg' returned '0': /usr/bin/cmake --install /home/pushpanjali/ros2/build/my_cpp_pkg
