[0.011s] Invoking command in '/home/pushpanjali/ros2/build/my_cpp_pkg': CMAKE_PREFIX_PATH=${CMAKE_PREFIX_PATH}:/opt/ros/humble /usr/bin/cmake --build /home/pushpanjali/ros2/build/my_cpp_pkg -- -j8 -l8
[0.056s] [35m[1mConsolidate compiler generated dependencies of target my_oops_node[0m
[0.079s] [100%] Built target my_first_node
[0.079s] [100%] Built target my_oops_node
[0.179s] Invoked command in '/home/pushpanjali/ros2/build/my_cpp_pkg' returned '0': CMAKE_PREFIX_PATH=${CMAKE_PREFIX_PATH}:/opt/ros/humble /usr/bin/cmake --build /home/pushpanjali/ros2/build/my_cpp_pkg -- -j8 -l8
[0.202s] Invoking command in '/home/pushpanjali/ros2/build/my_cpp_pkg': CMAKE_PREFIX_PATH=${CMAKE_PREFIX_PATH}:/opt/ros/humble /usr/bin/cmake --install /home/pushpanjali/ros2/build/my_cpp_pkg
[0.207s] -- Install configuration: ""
[0.207s] -- Up-to-date: /home/pushpanjali/ros2/install/my_cpp_pkg/lib/my_cpp_pkg/my_first_node
[0.208s] -- Up-to-date: /home/pushpanjali/ros2/install/my_cpp_pkg/lib/my_cpp_pkg/my_oops_node
[0.208s] -- Up-to-date: /home/pushpanjali/ros2/install/my_cpp_pkg/share/ament_index/resource_index/package_run_dependencies/my_cpp_pkg
[0.208s] -- Up-to-date: /home/pushpanjali/ros2/install/my_cpp_pkg/share/ament_index/resource_index/parent_prefix_path/my_cpp_pkg
[0.208s] -- Up-to-date: /home/pushpanjali/ros2/install/my_cpp_pkg/share/my_cpp_pkg/environment/ament_prefix_path.sh
[0.208s] -- Up-to-date: /home/pushpanjali/ros2/install/my_cpp_pkg/share/my_cpp_pkg/environment/ament_prefix_path.dsv
[0.208s] -- Up-to-date: /home/pushpanjali/ros2/install/my_cpp_pkg/share/my_cpp_pkg/environment/path.sh
[0.208s] -- Up-to-date: /home/pushpanjali/ros2/install/my_cpp_pkg/share/my_cpp_pkg/environment/path.dsv
[0.209s] -- Up-to-date: /home/pushpanjali/ros2/install/my_cpp_pkg/share/my_cpp_pkg/local_setup.bash
[0.209s] -- Up-to-date: /home/pushpanjali/ros2/install/my_cpp_pkg/share/my_cpp_pkg/local_setup.sh
[0.209s] -- Up-to-date: /home/pushpanjali/ros2/install/my_cpp_pkg/share/my_cpp_pkg/local_setup.zsh
[0.209s] -- Up-to-date: /home/pushpanjali/ros2/install/my_cpp_pkg/share/my_cpp_pkg/local_setup.dsv
[0.209s] -- Installing: /home/pushpanjali/ros2/install/my_cpp_pkg/share/my_cpp_pkg/package.dsv
[0.209s] -- Up-to-date: /home/pushpanjali/ros2/install/my_cpp_pkg/share/ament_index/resource_index/packages/my_cpp_pkg
[0.209s] -- Up-to-date: /home/pushpanjali/ros2/install/my_cpp_pkg/share/my_cpp_pkg/cmake/my_cpp_pkgConfig.cmake
[0.209s] -- Up-to-date: /home/pushpanjali/ros2/install/my_cpp_pkg/share/my_cpp_pkg/cmake/my_cpp_pkgConfig-version.cmake
[0.209s] -- Up-to-date: /home/pushpanjali/ros2/install/my_cpp_pkg/share/my_cpp_pkg/package.xml
[0.210s] Invoked command in '/home/pushpanjali/ros2/build/my_cpp_pkg' returned '0': CMAKE_PREFIX_PATH=${CMAKE_PREFIX_PATH}:/opt/ros/humble /usr/bin/cmake --install /home/pushpanjali/ros2/build/my_cpp_pkg
