[0.402s] Invoking command in '/home/pushpanjali/ros2/src/my_py_pkg': PYTHONPATH=/home/pushpanjali/ros2/build/my_py_pkg/prefix_override:/usr/lib/python3/dist-packages/colcon_core/task/python/colcon_distutils_commands:/home/pushpanjali/ros2/install/my_py_pkg/lib/python3.10/site-packages:${PYTHONPATH} /usr/bin/python3 -W ignore:setup.py install is deprecated setup.py egg_info --egg-base ../../build/my_py_pkg build --build-base /home/pushpanjali/ros2/build/my_py_pkg/build install --record /home/pushpanjali/ros2/build/my_py_pkg/install.log --single-version-externally-managed install_data
[0.609s] running egg_info
[0.610s] writing ../../build/my_py_pkg/my_py_pkg.egg-info/PKG-INFO
[0.610s] writing dependency_links to ../../build/my_py_pkg/my_py_pkg.egg-info/dependency_links.txt
[0.610s] writing entry points to ../../build/my_py_pkg/my_py_pkg.egg-info/entry_points.txt
[0.610s] writing requirements to ../../build/my_py_pkg/my_py_pkg.egg-info/requires.txt
[0.610s] writing top-level names to ../../build/my_py_pkg/my_py_pkg.egg-info/top_level.txt
[0.611s] reading manifest file '../../build/my_py_pkg/my_py_pkg.egg-info/SOURCES.txt'
[0.612s] writing manifest file '../../build/my_py_pkg/my_py_pkg.egg-info/SOURCES.txt'
[0.612s] running build
[0.612s] running build_py
[0.612s] running install
[0.612s] running install_lib
[0.613s] running install_data
[0.613s] running install_egg_info
[0.614s] removing '/home/pushpanjali/ros2/install/my_py_pkg/lib/python3.10/site-packages/my_py_pkg-0.0.0-py3.10.egg-info' (and everything under it)
[0.614s] Copying ../../build/my_py_pkg/my_py_pkg.egg-info to /home/pushpanjali/ros2/install/my_py_pkg/lib/python3.10/site-packages/my_py_pkg-0.0.0-py3.10.egg-info
[0.614s] running install_scripts
[0.629s] Installing my_first_node script to /home/pushpanjali/ros2/install/my_py_pkg/lib/my_py_pkg
[0.629s] Installing my_oops_node script to /home/pushpanjali/ros2/install/my_py_pkg/lib/my_py_pkg
[0.629s] Installing publisher_node script to /home/pushpanjali/ros2/install/my_py_pkg/lib/my_py_pkg
[0.629s] writing list of installed files to '/home/pushpanjali/ros2/build/my_py_pkg/install.log'
[0.650s] Invoked command in '/home/pushpanjali/ros2/src/my_py_pkg' returned '0': PYTHONPATH=/home/pushpanjali/ros2/build/my_py_pkg/prefix_override:/usr/lib/python3/dist-packages/colcon_core/task/python/colcon_distutils_commands:/home/pushpanjali/ros2/install/my_py_pkg/lib/python3.10/site-packages:${PYTHONPATH} /usr/bin/python3 -W ignore:setup.py install is deprecated setup.py egg_info --egg-base ../../build/my_py_pkg build --build-base /home/pushpanjali/ros2/build/my_py_pkg/build install --record /home/pushpanjali/ros2/build/my_py_pkg/install.log --single-version-externally-managed install_data
