[0.387s] Invoking command in '/home/pushpanjali/ros2/src/my_py_pkg': PYTHONPATH=/home/pushpanjali/ros2/build/my_py_pkg/prefix_override:/usr/lib/python3/dist-packages/colcon_core/task/python/colcon_distutils_commands:/home/pushpanjali/ros2/install/my_py_pkg/lib/python3.10/site-packages:${PYTHONPATH} /usr/bin/python3 -W ignore:setup.py install is deprecated setup.py egg_info --egg-base ../../build/my_py_pkg build --build-base /home/pushpanjali/ros2/build/my_py_pkg/build install --record /home/pushpanjali/ros2/build/my_py_pkg/install.log --single-version-externally-managed install_data
[0.550s] running egg_info
[0.550s] writing ../../build/my_py_pkg/my_py_pkg.egg-info/PKG-INFO
[0.550s] writing dependency_links to ../../build/my_py_pkg/my_py_pkg.egg-info/dependency_links.txt
[0.550s] writing entry points to ../../build/my_py_pkg/my_py_pkg.egg-info/entry_points.txt
[0.550s] writing requirements to ../../build/my_py_pkg/my_py_pkg.egg-info/requires.txt
[0.550s] writing top-level names to ../../build/my_py_pkg/my_py_pkg.egg-info/top_level.txt
[0.552s] reading manifest file '../../build/my_py_pkg/my_py_pkg.egg-info/SOURCES.txt'
[0.553s] writing manifest file '../../build/my_py_pkg/my_py_pkg.egg-info/SOURCES.txt'
[0.553s] running build
[0.553s] running build_py
[0.553s] copying my_py_pkg/my_oops_node.py -> /home/pushpanjali/ros2/build/my_py_pkg/build/lib/my_py_pkg
[0.553s] running install
[0.553s] running install_lib
[0.554s] copying /home/pushpanjali/ros2/build/my_py_pkg/build/lib/my_py_pkg/my_oops_node.py -> /home/pushpanjali/ros2/install/my_py_pkg/lib/python3.10/site-packages/my_py_pkg
[0.555s] byte-compiling /home/pushpanjali/ros2/install/my_py_pkg/lib/python3.10/site-packages/my_py_pkg/my_oops_node.py to my_oops_node.cpython-310.pyc
[0.555s] running install_data
[0.555s] running install_egg_info
[0.557s] removing '/home/pushpanjali/ros2/install/my_py_pkg/lib/python3.10/site-packages/my_py_pkg-0.0.0-py3.10.egg-info' (and everything under it)
[0.557s] Copying ../../build/my_py_pkg/my_py_pkg.egg-info to /home/pushpanjali/ros2/install/my_py_pkg/lib/python3.10/site-packages/my_py_pkg-0.0.0-py3.10.egg-info
[0.558s] running install_scripts
[0.572s] Installing my_first_node script to /home/pushpanjali/ros2/install/my_py_pkg/lib/my_py_pkg
[0.572s] Installing my_oops_node script to /home/pushpanjali/ros2/install/my_py_pkg/lib/my_py_pkg
[0.572s] writing list of installed files to '/home/pushpanjali/ros2/build/my_py_pkg/install.log'
[0.591s] Invoked command in '/home/pushpanjali/ros2/src/my_py_pkg' returned '0': PYTHONPATH=/home/pushpanjali/ros2/build/my_py_pkg/prefix_override:/usr/lib/python3/dist-packages/colcon_core/task/python/colcon_distutils_commands:/home/pushpanjali/ros2/install/my_py_pkg/lib/python3.10/site-packages:${PYTHONPATH} /usr/bin/python3 -W ignore:setup.py install is deprecated setup.py egg_info --egg-base ../../build/my_py_pkg build --build-base /home/pushpanjali/ros2/build/my_py_pkg/build install --record /home/pushpanjali/ros2/build/my_py_pkg/install.log --single-version-externally-managed install_data
